This file contains any messages produced by compilers while
running configure, to aid debugging if configure makes a mistake.

It was created by gimp-apng configure 0.2.0, which was
generated by GNU Autoconf 2.69.  Invocation command line was

  $ ./configure 

## --------- ##
## Platform. ##
## --------- ##

hostname = ling_arch
uname -m = x86_64
uname -r = 3.18.3-2-uksm-ck
uname -s = Linux
uname -v = #1 SMP PREEMPT Fri Jan 23 20:09:26 CST 2015

/usr/bin/uname -p = unknown
/bin/uname -X     = unknown

/bin/arch              = unknown
/usr/bin/arch -k       = unknown
/usr/convex/getsysinfo = unknown
/usr/bin/hostinfo      = unknown
/bin/machine           = unknown
/usr/bin/oslevel       = unknown
/bin/universe          = unknown

PATH: /usr/lib/hardening-wrapper/bin
PATH: /usr/local/sbin
PATH: /usr/local/bin
PATH: /usr/bin
PATH: /opt/android-sdk/platform-tools
PATH: /usr/lib/jvm/default/bin
PATH: /usr/bin/site_perl
PATH: /usr/bin/vendor_perl
PATH: /usr/bin/core_perl


## ----------- ##
## Core tests. ##
## ----------- ##

configure:2299: checking for a BSD-compatible install
configure:2367: result: /usr/bin/install -c
configure:2378: checking whether build environment is sane
configure:2433: result: yes
configure:2584: checking for a thread-safe mkdir -p
configure:2623: result: /usr/bin/mkdir -p
configure:2630: checking for gawk
configure:2646: found /usr/bin/gawk
configure:2657: result: gawk
configure:2668: checking whether make sets $(MAKE)
configure:2690: result: yes
configure:2719: checking whether make supports nested variables
configure:2736: result: yes
configure:2893: checking for style of include used by make
configure:2921: result: GNU
configure:2992: checking for gcc
configure:3008: found /usr/lib/hardening-wrapper/bin/gcc
configure:3019: result: gcc
configure:3248: checking for C compiler version
configure:3257: gcc --version >&5
gcc (GCC) 4.9.2 20141224 (prerelease)
Copyright (C) 2014 Free Software Foundation, Inc.
This is free software; see the source for copying conditions.  There is NO
warranty; not even for MERCHANTABILITY or FITNESS FOR A PARTICULAR PURPOSE.

configure:3268: $? = 0
configure:3257: gcc -v >&5
Using built-in specs.
COLLECT_GCC=/usr/bin/gcc
COLLECT_LTO_WRAPPER=/usr/lib/gcc/x86_64-unknown-linux-gnu/4.9.2/lto-wrapper
Target: x86_64-unknown-linux-gnu
Configured with: /build/gcc-multilib/src/gcc-4.9-20141224/configure --prefix=/usr --libdir=/usr/lib --libexecdir=/usr/lib --mandir=/usr/share/man --infodir=/usr/share/info --with-bugurl=https://bugs.archlinux.org/ --enable-languages=c,c++,ada,fortran,go,lto,objc,obj-c++ --enable-shared --enable-threads=posix --with-system-zlib --enable-__cxa_atexit --disable-libunwind-exceptions --enable-clocale=gnu --disable-libstdcxx-pch --disable-libssp --enable-gnu-unique-object --enable-linker-build-id --enable-cloog-backend=isl --enable-lto --enable-plugin --enable-install-libiberty --with-linker-hash-style=gnu --enable-multilib --disable-werror --enable-checking=release
Thread model: posix
gcc version 4.9.2 20141224 (prerelease) (GCC) 
configure:3268: $? = 0
configure:3257: gcc -V >&5
gcc: error: unrecognized command line option '-V'
gcc: fatal error: no input files
compilation terminated.
configure:3268: $? = 1
configure:3257: gcc -qversion >&5
gcc: error: unrecognized command line option '-qversion'
gcc: fatal error: no input files
compilation terminated.
configure:3268: $? = 1
configure:3288: checking whether the C compiler works
configure:3310: gcc    conftest.c  >&5
configure:3314: $? = 0
configure:3362: result: yes
configure:3365: checking for C compiler default output file name
configure:3367: result: a.out
configure:3373: checking for suffix of executables
configure:3380: gcc -o conftest    conftest.c  >&5
configure:3384: $? = 0
configure:3406: result: 
configure:3428: checking whether we are cross compiling
configure:3436: gcc -o conftest    conftest.c  >&5
configure:3440: $? = 0
configure:3447: ./conftest
configure:3451: $? = 0
configure:3466: result: no
configure:3471: checking for suffix of object files
configure:3493: gcc -c   conftest.c >&5
configure:3497: $? = 0
configure:3518: result: o
configure:3522: checking whether we are using the GNU C compiler
configure:3541: gcc -c   conftest.c >&5
configure:3541: $? = 0
configure:3550: result: yes
configure:3559: checking whether gcc accepts -g
configure:3579: gcc -c -g  conftest.c >&5
configure:3579: $? = 0
configure:3620: result: yes
configure:3637: checking for gcc option to accept ISO C89
configure:3700: gcc  -c -g -O2  conftest.c >&5
configure:3700: $? = 0
configure:3713: result: none needed
configure:3738: checking whether gcc understands -c and -o together
configure:3760: gcc -c conftest.c -o conftest2.o
configure:3763: $? = 0
configure:3760: gcc -c conftest.c -o conftest2.o
configure:3763: $? = 0
configure:3775: result: yes
configure:3794: checking dependency style of gcc
configure:3905: result: gcc3
configure:3921: checking for library containing strerror
configure:3952: gcc -o conftest -g -O2   conftest.c  >&5
configure:3952: $? = 0
configure:3969: result: none required
configure:4025: checking for gcc
configure:4052: result: gcc
configure:4281: checking for C compiler version
configure:4290: gcc --version >&5
gcc (GCC) 4.9.2 20141224 (prerelease)
Copyright (C) 2014 Free Software Foundation, Inc.
This is free software; see the source for copying conditions.  There is NO
warranty; not even for MERCHANTABILITY or FITNESS FOR A PARTICULAR PURPOSE.

configure:4301: $? = 0
configure:4290: gcc -v >&5
Using built-in specs.
COLLECT_GCC=/usr/bin/gcc
COLLECT_LTO_WRAPPER=/usr/lib/gcc/x86_64-unknown-linux-gnu/4.9.2/lto-wrapper
Target: x86_64-unknown-linux-gnu
Configured with: /build/gcc-multilib/src/gcc-4.9-20141224/configure --prefix=/usr --libdir=/usr/lib --libexecdir=/usr/lib --mandir=/usr/share/man --infodir=/usr/share/info --with-bugurl=https://bugs.archlinux.org/ --enable-languages=c,c++,ada,fortran,go,lto,objc,obj-c++ --enable-shared --enable-threads=posix --with-system-zlib --enable-__cxa_atexit --disable-libunwind-exceptions --enable-clocale=gnu --disable-libstdcxx-pch --disable-libssp --enable-gnu-unique-object --enable-linker-build-id --enable-cloog-backend=isl --enable-lto --enable-plugin --enable-install-libiberty --with-linker-hash-style=gnu --enable-multilib --disable-werror --enable-checking=release
Thread model: posix
gcc version 4.9.2 20141224 (prerelease) (GCC) 
configure:4301: $? = 0
configure:4290: gcc -V >&5
gcc: error: unrecognized command line option '-V'
gcc: fatal error: no input files
compilation terminated.
configure:4301: $? = 1
configure:4290: gcc -qversion >&5
gcc: error: unrecognized command line option '-qversion'
gcc: fatal error: no input files
compilation terminated.
configure:4301: $? = 1
configure:4305: checking whether we are using the GNU C compiler
configure:4333: result: yes
configure:4342: checking whether gcc accepts -g
configure:4403: result: yes
configure:4420: checking for gcc option to accept ISO C89
configure:4496: result: none needed
configure:4521: checking whether gcc understands -c and -o together
configure:4558: result: yes
configure:4577: checking dependency style of gcc
configure:4688: result: gcc3
configure:4751: checking for gcc
configure:4778: result: gcc
configure:5007: checking for C compiler version
configure:5016: gcc --version >&5
gcc (GCC) 4.9.2 20141224 (prerelease)
Copyright (C) 2014 Free Software Foundation, Inc.
This is free software; see the source for copying conditions.  There is NO
warranty; not even for MERCHANTABILITY or FITNESS FOR A PARTICULAR PURPOSE.

configure:5027: $? = 0
configure:5016: gcc -v >&5
Using built-in specs.
COLLECT_GCC=/usr/bin/gcc
COLLECT_LTO_WRAPPER=/usr/lib/gcc/x86_64-unknown-linux-gnu/4.9.2/lto-wrapper
Target: x86_64-unknown-linux-gnu
Configured with: /build/gcc-multilib/src/gcc-4.9-20141224/configure --prefix=/usr --libdir=/usr/lib --libexecdir=/usr/lib --mandir=/usr/share/man --infodir=/usr/share/info --with-bugurl=https://bugs.archlinux.org/ --enable-languages=c,c++,ada,fortran,go,lto,objc,obj-c++ --enable-shared --enable-threads=posix --with-system-zlib --enable-__cxa_atexit --disable-libunwind-exceptions --enable-clocale=gnu --disable-libstdcxx-pch --disable-libssp --enable-gnu-unique-object --enable-linker-build-id --enable-cloog-backend=isl --enable-lto --enable-plugin --enable-install-libiberty --with-linker-hash-style=gnu --enable-multilib --disable-werror --enable-checking=release
Thread model: posix
gcc version 4.9.2 20141224 (prerelease) (GCC) 
configure:5027: $? = 0
configure:5016: gcc -V >&5
gcc: error: unrecognized command line option '-V'
gcc: fatal error: no input files
compilation terminated.
configure:5027: $? = 1
configure:5016: gcc -qversion >&5
gcc: error: unrecognized command line option '-qversion'
gcc: fatal error: no input files
compilation terminated.
configure:5027: $? = 1
configure:5031: checking whether we are using the GNU C compiler
configure:5059: result: yes
configure:5068: checking whether gcc accepts -g
configure:5129: result: yes
configure:5146: checking for gcc option to accept ISO C89
configure:5222: result: none needed
configure:5247: checking whether gcc understands -c and -o together
configure:5284: result: yes
configure:5303: checking dependency style of gcc
configure:5414: result: gcc3
configure:5436: checking how to run the C preprocessor
configure:5467: gcc -E  conftest.c
configure:5467: $? = 0
configure:5481: gcc -E  conftest.c
conftest.c:14:28: fatal error: ac_nonexistent.h: No such file or directory
 #include <ac_nonexistent.h>
                            ^
compilation terminated.
configure:5481: $? = 1
configure: failed program was:
| /* confdefs.h */
| #define PACKAGE_NAME "gimp-apng"
| #define PACKAGE_TARNAME "gimp-apng"
| #define PACKAGE_VERSION "0.2.0"
| #define PACKAGE_STRING "gimp-apng 0.2.0"
| #define PACKAGE_BUGREPORT ""
| #define PACKAGE_URL ""
| #define PLUGIN_NAME PACKAGE_NAME
| #define PLUGIN_VERSION PACKAGE_VERSION
| #define PLUGIN_MAJOR_VERSION 0
| #define PLUGIN_MINOR_VERSION 2
| #define PLUGIN_MICRO_VERSION 0
| /* end confdefs.h.  */
| #include <ac_nonexistent.h>
configure:5506: result: gcc -E
configure:5526: gcc -E  conftest.c
configure:5526: $? = 0
configure:5540: gcc -E  conftest.c
conftest.c:14:28: fatal error: ac_nonexistent.h: No such file or directory
 #include <ac_nonexistent.h>
                            ^
compilation terminated.
configure:5540: $? = 1
configure: failed program was:
| /* confdefs.h */
| #define PACKAGE_NAME "gimp-apng"
| #define PACKAGE_TARNAME "gimp-apng"
| #define PACKAGE_VERSION "0.2.0"
| #define PACKAGE_STRING "gimp-apng 0.2.0"
| #define PACKAGE_BUGREPORT ""
| #define PACKAGE_URL ""
| #define PLUGIN_NAME PACKAGE_NAME
| #define PLUGIN_VERSION PACKAGE_VERSION
| #define PLUGIN_MAJOR_VERSION 0
| #define PLUGIN_MINOR_VERSION 2
| #define PLUGIN_MICRO_VERSION 0
| /* end confdefs.h.  */
| #include <ac_nonexistent.h>
configure:5569: checking for grep that handles long lines and -e
configure:5627: result: /usr/bin/grep
configure:5632: checking for egrep
configure:5694: result: /usr/bin/grep -E
configure:5699: checking for ANSI C header files
configure:5719: gcc -c -g -O2  conftest.c >&5
configure:5719: $? = 0
configure:5792: gcc -o conftest -g -O2   conftest.c  >&5
configure:5792: $? = 0
configure:5792: ./conftest
configure:5792: $? = 0
configure:5803: result: yes
configure:5865: checking for pkg-config
configure:5883: found /usr/bin/pkg-config
configure:5895: result: /usr/bin/pkg-config
configure:5920: checking pkg-config is at least version 0.9.0
configure:5923: result: yes
configure:5936: checking whether to enable maintainer-specific portions of Makefiles
configure:5945: result: no
configure:5972: checking for GIMP
configure:5979: $PKG_CONFIG --exists --print-errors "gimp-2.0 >= $GIMP_REQUIRED_VERSION gimpui-2.0 >= $GIMP_REQUIRED_VERSION"
configure:5982: $? = 0
configure:5996: $PKG_CONFIG --exists --print-errors "gimp-2.0 >= $GIMP_REQUIRED_VERSION gimpui-2.0 >= $GIMP_REQUIRED_VERSION"
configure:5999: $? = 0
configure:6057: result: yes
configure:6081: checking whether NLS is requested
configure:6090: result: yes
configure:6118: checking for intltool-update
configure:6136: found /usr/bin/intltool-update
configure:6148: result: /usr/bin/intltool-update
configure:6158: checking for intltool-merge
configure:6176: found /usr/bin/intltool-merge
configure:6188: result: /usr/bin/intltool-merge
configure:6198: checking for intltool-extract
configure:6216: found /usr/bin/intltool-extract
configure:6228: result: /usr/bin/intltool-extract
configure:6382: checking for xgettext
configure:6400: found /usr/bin/xgettext
configure:6412: result: /usr/bin/xgettext
configure:6422: checking for msgmerge
configure:6440: found /usr/bin/msgmerge
configure:6452: result: /usr/bin/msgmerge
configure:6462: checking for msgfmt
configure:6480: found /usr/bin/msgfmt
configure:6492: result: /usr/bin/msgfmt
configure:6502: checking for gmsgfmt
configure:6533: result: /usr/bin/msgfmt
configure:6553: checking for perl
configure:6571: found /usr/bin/perl
configure:6583: result: /usr/bin/perl
configure:6594: checking for perl >= 5.8.1
configure:6601: result: 5.20.1
configure:6605: checking for XML::Parser
configure:6608: result: ok
configure:6633: gcc -o conftest -g -O2 -Wall   conftest.c  >&5
configure:6633: $? = 0
configure:6664: checking for sys/types.h
configure:6664: gcc -c -g -O2 -Wall  conftest.c >&5
configure:6664: $? = 0
configure:6664: result: yes
configure:6664: checking for sys/stat.h
configure:6664: gcc -c -g -O2 -Wall  conftest.c >&5
configure:6664: $? = 0
configure:6664: result: yes
configure:6664: checking for stdlib.h
configure:6664: gcc -c -g -O2 -Wall  conftest.c >&5
configure:6664: $? = 0
configure:6664: result: yes
configure:6664: checking for string.h
configure:6664: gcc -c -g -O2 -Wall  conftest.c >&5
configure:6664: $? = 0
configure:6664: result: yes
configure:6664: checking for memory.h
configure:6664: gcc -c -g -O2 -Wall  conftest.c >&5
configure:6664: $? = 0
configure:6664: result: yes
configure:6664: checking for strings.h
configure:6664: gcc -c -g -O2 -Wall  conftest.c >&5
configure:6664: $? = 0
configure:6664: result: yes
configure:6664: checking for inttypes.h
configure:6664: gcc -c -g -O2 -Wall  conftest.c >&5
configure:6664: $? = 0
configure:6664: result: yes
configure:6664: checking for stdint.h
configure:6664: gcc -c -g -O2 -Wall  conftest.c >&5
configure:6664: $? = 0
configure:6664: result: yes
configure:6664: checking for unistd.h
configure:6664: gcc -c -g -O2 -Wall  conftest.c >&5
configure:6664: $? = 0
configure:6664: result: yes
configure:6679: checking locale.h usability
configure:6679: gcc -c -g -O2 -Wall  conftest.c >&5
configure:6679: $? = 0
configure:6679: result: yes
configure:6679: checking locale.h presence
configure:6679: gcc -E  conftest.c
configure:6679: $? = 0
configure:6679: result: yes
configure:6679: checking for locale.h
configure:6679: result: yes
configure:6690: checking for LC_MESSAGES
configure:6706: gcc -o conftest -g -O2 -Wall   conftest.c  >&5
configure:6706: $? = 0
configure:6714: result: yes
configure:6731: checking libintl.h usability
configure:6731: gcc -c -g -O2 -Wall  conftest.c >&5
configure:6731: $? = 0
configure:6731: result: yes
configure:6731: checking libintl.h presence
configure:6731: gcc -E  conftest.c
configure:6731: $? = 0
configure:6731: result: yes
configure:6731: checking for libintl.h
configure:6731: result: yes
configure:6739: checking for ngettext in libc
configure:6757: gcc -o conftest -g -O2 -Wall   conftest.c  >&5
configure:6757: $? = 0
configure:6766: result: yes
configure:6770: checking for dgettext in libc
configure:6788: gcc -o conftest -g -O2 -Wall   conftest.c  >&5
configure:6788: $? = 0
configure:6797: result: yes
configure:6804: checking for bind_textdomain_codeset
configure:6804: gcc -o conftest -g -O2 -Wall   conftest.c  >&5
configure:6804: $? = 0
configure:6804: result: yes
configure:7080: checking for msgfmt
configure:7107: result: /usr/bin/msgfmt
configure:7118: checking for dcgettext
configure:7118: gcc -o conftest -g -O2 -Wall   conftest.c   >&5
conftest.c:52:6: warning: conflicting types for built-in function 'dcgettext'
 char dcgettext ();
      ^
configure:7118: $? = 0
configure:7118: result: yes
configure:7128: checking if msgfmt accepts -c
configure:7143: $MSGFMT -c -o /dev/null conftest.foo
conftest.foo:3: warning: header field 'Language' missing in header
configure:7146: $? = 0
configure:7148: result: yes
configure:7158: checking for gmsgfmt
configure:7189: result: /usr/bin/msgfmt
configure:7199: checking for xgettext
configure:7226: result: /usr/bin/xgettext
configure:7245: gcc -o conftest -g -O2 -Wall   conftest.c   >&5
configure:7245: $? = 0
configure:7387: checking for bind_textdomain_codeset
configure:7387: result: yes
configure:7407: checking if GTK+ is version 2.7.0 or newer
configure:7414: result: yes
configure:7422: checking if GIMP is version 2.3.0 or newer
configure:7429: result: yes
configure:7439: checking for PNG
configure:7446: $PKG_CONFIG --exists --print-errors "libpng"
configure:7449: $? = 0
configure:7463: $PKG_CONFIG --exists --print-errors "libpng"
configure:7466: $? = 0
configure:7524: result: yes
configure:7656: checking for png_get_acTL in -lpng
configure:7681: gcc -o conftest -g -O2 -Wall   conftest.c -lpng  -lpng16  >&5
configure:7681: $? = 0
configure:7690: result: yes
configure:7826: checking that generated files are newer than configure
configure:7832: result: done
configure:7871: creating ./config.status

## ---------------------- ##
## Running config.status. ##
## ---------------------- ##

This file was extended by gimp-apng config.status 0.2.0, which was
generated by GNU Autoconf 2.69.  Invocation command line was

  CONFIG_FILES    = 
  CONFIG_HEADERS  = 
  CONFIG_LINKS    = 
  CONFIG_COMMANDS = 
  $ ./config.status 

on ling_arch

config.status:957: creating Makefile
config.status:957: creating src/Makefile
config.status:957: creating ui/Makefile
config.status:957: creating po/Makefile.in
config.status:957: creating help/Makefile
config.status:957: creating help/en/Makefile
config.status:957: creating config.h
config.status:1138: config.h is unchanged
config.status:1186: executing depfiles commands
config.status:1186: executing default-1 commands
config.status:1186: executing po/stamp-it commands

## ---------------- ##
## Cache variables. ##
## ---------------- ##

ac_cv_c_compiler_gnu=yes
ac_cv_env_CC_set=
ac_cv_env_CC_value=
ac_cv_env_CFLAGS_set=
ac_cv_env_CFLAGS_value=
ac_cv_env_CPPFLAGS_set=
ac_cv_env_CPPFLAGS_value=
ac_cv_env_CPP_set=
ac_cv_env_CPP_value=
ac_cv_env_GIMP_CFLAGS_set=
ac_cv_env_GIMP_CFLAGS_value=
ac_cv_env_GIMP_LIBS_set=
ac_cv_env_GIMP_LIBS_value=
ac_cv_env_LDFLAGS_set=
ac_cv_env_LDFLAGS_value=
ac_cv_env_LIBS_set=
ac_cv_env_LIBS_value=
ac_cv_env_PKG_CONFIG_LIBDIR_set=
ac_cv_env_PKG_CONFIG_LIBDIR_value=
ac_cv_env_PKG_CONFIG_PATH_set=
ac_cv_env_PKG_CONFIG_PATH_value=
ac_cv_env_PKG_CONFIG_set=
ac_cv_env_PKG_CONFIG_value=
ac_cv_env_PNG_CFLAGS_set=
ac_cv_env_PNG_CFLAGS_value=
ac_cv_env_PNG_LIBS_set=
ac_cv_env_PNG_LIBS_value=
ac_cv_env_build_alias_set=
ac_cv_env_build_alias_value=
ac_cv_env_host_alias_set=
ac_cv_env_host_alias_value=
ac_cv_env_target_alias_set=
ac_cv_env_target_alias_value=
ac_cv_func_bind_textdomain_codeset=yes
ac_cv_func_dcgettext=yes
ac_cv_header_inttypes_h=yes
ac_cv_header_libintl_h=yes
ac_cv_header_locale_h=yes
ac_cv_header_memory_h=yes
ac_cv_header_stdc=yes
ac_cv_header_stdint_h=yes
ac_cv_header_stdlib_h=yes
ac_cv_header_string_h=yes
ac_cv_header_strings_h=yes
ac_cv_header_sys_stat_h=yes
ac_cv_header_sys_types_h=yes
ac_cv_header_unistd_h=yes
ac_cv_lib_png_png_get_acTL=yes
ac_cv_objext=o
ac_cv_path_EGREP='/usr/bin/grep -E'
ac_cv_path_GMSGFMT=/usr/bin/msgfmt
ac_cv_path_GREP=/usr/bin/grep
ac_cv_path_INTLTOOL_EXTRACT=/usr/bin/intltool-extract
ac_cv_path_INTLTOOL_MERGE=/usr/bin/intltool-merge
ac_cv_path_INTLTOOL_PERL=/usr/bin/perl
ac_cv_path_INTLTOOL_UPDATE=/usr/bin/intltool-update
ac_cv_path_MSGFMT=/usr/bin/msgfmt
ac_cv_path_MSGMERGE=/usr/bin/msgmerge
ac_cv_path_XGETTEXT=/usr/bin/xgettext
ac_cv_path_ac_pt_PKG_CONFIG=/usr/bin/pkg-config
ac_cv_path_install='/usr/bin/install -c'
ac_cv_path_mkdir=/usr/bin/mkdir
ac_cv_prog_AWK=gawk
ac_cv_prog_CPP='gcc -E'
ac_cv_prog_ac_ct_CC=gcc
ac_cv_prog_cc_c89=
ac_cv_prog_cc_g=yes
ac_cv_prog_make_make_set=yes
ac_cv_search_strerror='none required'
am_cv_CC_dependencies_compiler_type=gcc3
am_cv_make_support_nested_variables=yes
am_cv_prog_cc_c_o=yes
am_cv_prog_cc_stdc=
am_cv_val_LC_MESSAGES=yes
gt_cv_func_dgettext_libc=yes
gt_cv_func_dgettext_libintl=no
gt_cv_func_ngettext_libc=yes
gt_cv_have_gettext=yes
pkg_cv_GIMP_CFLAGS='-pthread -I/usr/include/gimp-2.0 -I/usr/include/gtk-2.0 -I/usr/lib/gtk-2.0/include -I/usr/include/pango-1.0 -I/usr/include/atk-1.0 -I/usr/include/cairo -I/usr/include/pixman-1 -I/usr/include/libdrm -I/usr/include/gdk-pixbuf-2.0 -I/usr/include/libpng16 -I/usr/include/pango-1.0 -I/usr/include/glib-2.0 -I/usr/lib/glib-2.0/include -I/usr/include/freetype2 -I/usr/include/libpng16 -I/usr/include/harfbuzz -I/usr/include/freetype2 -I/usr/include/libpng16 -I/usr/include/harfbuzz '
pkg_cv_GIMP_LIBS='-lgimpui-2.0 -lgimpwidgets-2.0 -lgimpmodule-2.0 -lgimp-2.0 -lgimpmath-2.0 -lgimpconfig-2.0 -lgimpcolor-2.0 -lgimpbase-2.0 -lgtk-x11-2.0 -lgdk-x11-2.0 -lpangocairo-1.0 -latk-1.0 -lcairo -lgdk_pixbuf-2.0 -lgio-2.0 -lpangoft2-1.0 -lpango-1.0 -lgobject-2.0 -lglib-2.0 -lfontconfig -lfreetype '
pkg_cv_PNG_CFLAGS='-I/usr/include/libpng16 '
pkg_cv_PNG_LIBS='-lpng16 '

## ----------------- ##
## Output variables. ##
## ----------------- ##

ACLOCAL='${SHELL} /home/ling/BUILT/packages/gimp/gimp-apng-code/config/missing aclocal-1.14 '
ALL_LINGUAS=''
AMDEPBACKSLASH='\'
AMDEP_FALSE='#'
AMDEP_TRUE=''
AMTAR='$${TAR-tar}'
AM_BACKSLASH='\'
AM_DEFAULT_V='$(AM_DEFAULT_VERBOSITY)'
AM_DEFAULT_VERBOSITY='1'
AM_V='$(V)'
AUTOCONF='${SHELL} /home/ling/BUILT/packages/gimp/gimp-apng-code/config/missing autoconf'
AUTOHEADER='${SHELL} /home/ling/BUILT/packages/gimp/gimp-apng-code/config/missing autoheader'
AUTOMAKE='${SHELL} /home/ling/BUILT/packages/gimp/gimp-apng-code/config/missing automake-1.14'
AWK='gawk'
CATALOGS=''
CATOBJEXT='.gmo'
CC='gcc'
CCDEPMODE='depmode=gcc3'
CFLAGS='-g -O2 -Wall'
CPP='gcc -E'
CPPFLAGS=''
CYGPATH_W='echo'
DATADIR='${datarootdir}/gimp-apng'
DATADIRNAME='share'
DEFS='-DHAVE_CONFIG_H'
DEPDIR='.deps'
ECHO_C=''
ECHO_N='-n'
ECHO_T=''
EGREP='/usr/bin/grep -E'
EXEEXT=''
GETTEXT_PACKAGE='gimp20-apng-plugin'
GIMP_CFLAGS='-pthread -I/usr/include/gimp-2.0 -I/usr/include/gtk-2.0 -I/usr/lib/gtk-2.0/include -I/usr/include/pango-1.0 -I/usr/include/atk-1.0 -I/usr/include/cairo -I/usr/include/pixman-1 -I/usr/include/libdrm -I/usr/include/gdk-pixbuf-2.0 -I/usr/include/libpng16 -I/usr/include/pango-1.0 -I/usr/include/glib-2.0 -I/usr/lib/glib-2.0/include -I/usr/include/freetype2 -I/usr/include/libpng16 -I/usr/include/harfbuzz -I/usr/include/freetype2 -I/usr/include/libpng16 -I/usr/include/harfbuzz '
GIMP_LIBDIR='/usr/lib/gimp/2.0'
GIMP_LIBS='-lgimpui-2.0 -lgimpwidgets-2.0 -lgimpmodule-2.0 -lgimp-2.0 -lgimpmath-2.0 -lgimpconfig-2.0 -lgimpcolor-2.0 -lgimpbase-2.0 -lgtk-x11-2.0 -lgdk-x11-2.0 -lpangocairo-1.0 -latk-1.0 -lcairo -lgdk_pixbuf-2.0 -lgio-2.0 -lpangoft2-1.0 -lpango-1.0 -lgobject-2.0 -lglib-2.0 -lfontconfig -lfreetype '
GMOFILES=''
GMSGFMT='/usr/bin/msgfmt'
GREP='/usr/bin/grep'
INSTALL_DATA='${INSTALL} -m 644'
INSTALL_PROGRAM='${INSTALL}'
INSTALL_SCRIPT='${INSTALL}'
INSTALL_STRIP_PROGRAM='$(install_sh) -c -s'
INSTOBJEXT='.mo'
INTLLIBS=''
INTLTOOL_CAVES_RULE='%.caves:     %.caves.in     $(INTLTOOL_MERGE) $(wildcard $(top_srcdir)/po/*.po) ; $(INTLTOOL_V_MERGE)LC_ALL=C $(INTLTOOL_MERGE) $(INTLTOOL_V_MERGE_OPTIONS) -d -u -c $(top_builddir)/po/.intltool-merge-cache $(top_srcdir)/po $< $@'
INTLTOOL_DESKTOP_RULE='%.desktop:   %.desktop.in   $(INTLTOOL_MERGE) $(wildcard $(top_srcdir)/po/*.po) ; $(INTLTOOL_V_MERGE)LC_ALL=C $(INTLTOOL_MERGE) $(INTLTOOL_V_MERGE_OPTIONS) -d -u -c $(top_builddir)/po/.intltool-merge-cache $(top_srcdir)/po $< $@'
INTLTOOL_DIRECTORY_RULE='%.directory: %.directory.in $(INTLTOOL_MERGE) $(wildcard $(top_srcdir)/po/*.po) ; $(INTLTOOL_V_MERGE)LC_ALL=C $(INTLTOOL_MERGE) $(INTLTOOL_V_MERGE_OPTIONS) -d -u -c $(top_builddir)/po/.intltool-merge-cache $(top_srcdir)/po $< $@'
INTLTOOL_EXTRACT='/usr/bin/intltool-extract'
INTLTOOL_KBD_RULE='%.kbd:       %.kbd.in       $(INTLTOOL_MERGE) $(wildcard $(top_srcdir)/po/*.po) ; $(INTLTOOL_V_MERGE)LC_ALL=C $(INTLTOOL_MERGE) $(INTLTOOL_V_MERGE_OPTIONS) -x -u -m -c $(top_builddir)/po/.intltool-merge-cache $(top_srcdir)/po $< $@'
INTLTOOL_KEYS_RULE='%.keys:      %.keys.in      $(INTLTOOL_MERGE) $(wildcard $(top_srcdir)/po/*.po) ; $(INTLTOOL_V_MERGE)LC_ALL=C $(INTLTOOL_MERGE) $(INTLTOOL_V_MERGE_OPTIONS) -k -u -c $(top_builddir)/po/.intltool-merge-cache $(top_srcdir)/po $< $@'
INTLTOOL_MERGE='/usr/bin/intltool-merge'
INTLTOOL_OAF_RULE='%.oaf:       %.oaf.in       $(INTLTOOL_MERGE) $(wildcard $(top_srcdir)/po/*.po) ; $(INTLTOOL_V_MERGE)LC_ALL=C $(INTLTOOL_MERGE) $(INTLTOOL_V_MERGE_OPTIONS) -o -p $(top_srcdir)/po $< $@'
INTLTOOL_PERL='/usr/bin/perl'
INTLTOOL_POLICY_RULE='%.policy:    %.policy.in    $(INTLTOOL_MERGE) $(wildcard $(top_srcdir)/po/*.po) ; $(INTLTOOL_V_MERGE)LC_ALL=C $(INTLTOOL_MERGE) $(INTLTOOL_V_MERGE_OPTIONS) -x -u -c $(top_builddir)/po/.intltool-merge-cache $(top_srcdir)/po $< $@'
INTLTOOL_PONG_RULE='%.pong:      %.pong.in      $(INTLTOOL_MERGE) $(wildcard $(top_srcdir)/po/*.po) ; $(INTLTOOL_V_MERGE)LC_ALL=C $(INTLTOOL_MERGE) $(INTLTOOL_V_MERGE_OPTIONS) -x -u -c $(top_builddir)/po/.intltool-merge-cache $(top_srcdir)/po $< $@'
INTLTOOL_PROP_RULE='%.prop:      %.prop.in      $(INTLTOOL_MERGE) $(wildcard $(top_srcdir)/po/*.po) ; $(INTLTOOL_V_MERGE)LC_ALL=C $(INTLTOOL_MERGE) $(INTLTOOL_V_MERGE_OPTIONS) -d -u -c $(top_builddir)/po/.intltool-merge-cache $(top_srcdir)/po $< $@'
INTLTOOL_SCHEMAS_RULE='%.schemas:   %.schemas.in   $(INTLTOOL_MERGE) $(wildcard $(top_srcdir)/po/*.po) ; $(INTLTOOL_V_MERGE)LC_ALL=C $(INTLTOOL_MERGE) $(INTLTOOL_V_MERGE_OPTIONS) -s -u -c $(top_builddir)/po/.intltool-merge-cache $(top_srcdir)/po $< $@'
INTLTOOL_SERVER_RULE='%.server:    %.server.in    $(INTLTOOL_MERGE) $(wildcard $(top_srcdir)/po/*.po) ; $(INTLTOOL_V_MERGE)LC_ALL=C $(INTLTOOL_MERGE) $(INTLTOOL_V_MERGE_OPTIONS) -o -u -c $(top_builddir)/po/.intltool-merge-cache $(top_srcdir)/po $< $@'
INTLTOOL_SERVICE_RULE='%.service: %.service.in   $(INTLTOOL_MERGE) $(wildcard $(top_srcdir)/po/*.po) ; $(INTLTOOL_V_MERGE)LC_ALL=C $(INTLTOOL_MERGE) $(INTLTOOL_V_MERGE_OPTIONS) -d -u -c $(top_builddir)/po/.intltool-merge-cache $(top_srcdir)/po $< $@'
INTLTOOL_SHEET_RULE='%.sheet:     %.sheet.in     $(INTLTOOL_MERGE) $(wildcard $(top_srcdir)/po/*.po) ; $(INTLTOOL_V_MERGE)LC_ALL=C $(INTLTOOL_MERGE) $(INTLTOOL_V_MERGE_OPTIONS) -x -u -c $(top_builddir)/po/.intltool-merge-cache $(top_srcdir)/po $< $@'
INTLTOOL_SOUNDLIST_RULE='%.soundlist: %.soundlist.in $(INTLTOOL_MERGE) $(wildcard $(top_srcdir)/po/*.po) ; $(INTLTOOL_V_MERGE)LC_ALL=C $(INTLTOOL_MERGE) $(INTLTOOL_V_MERGE_OPTIONS) -d -u -c $(top_builddir)/po/.intltool-merge-cache $(top_srcdir)/po $< $@'
INTLTOOL_THEME_RULE='%.theme:     %.theme.in     $(INTLTOOL_MERGE) $(wildcard $(top_srcdir)/po/*.po) ; $(INTLTOOL_V_MERGE)LC_ALL=C $(INTLTOOL_MERGE) $(INTLTOOL_V_MERGE_OPTIONS) -d -u -c $(top_builddir)/po/.intltool-merge-cache $(top_srcdir)/po $< $@'
INTLTOOL_UI_RULE='%.ui:        %.ui.in        $(INTLTOOL_MERGE) $(wildcard $(top_srcdir)/po/*.po) ; $(INTLTOOL_V_MERGE)LC_ALL=C $(INTLTOOL_MERGE) $(INTLTOOL_V_MERGE_OPTIONS) -x -u -c $(top_builddir)/po/.intltool-merge-cache $(top_srcdir)/po $< $@'
INTLTOOL_UPDATE='/usr/bin/intltool-update'
INTLTOOL_V_MERGE='$(INTLTOOL__v_MERGE_$(V))'
INTLTOOL_V_MERGE_OPTIONS='$(intltool__v_merge_options_$(V))'
INTLTOOL_XAM_RULE='%.xam:       %.xml.in       $(INTLTOOL_MERGE) $(wildcard $(top_srcdir)/po/*.po) ; $(INTLTOOL_V_MERGE)LC_ALL=C $(INTLTOOL_MERGE) $(INTLTOOL_V_MERGE_OPTIONS) -x -u -c $(top_builddir)/po/.intltool-merge-cache $(top_srcdir)/po $< $@'
INTLTOOL_XML_NOMERGE_RULE='%.xml:       %.xml.in       $(INTLTOOL_MERGE) ; $(INTLTOOL_V_MERGE)LC_ALL=C $(INTLTOOL_MERGE) $(INTLTOOL_V_MERGE_OPTIONS) -x -u --no-translations $< $@'
INTLTOOL_XML_RULE='%.xml:       %.xml.in       $(INTLTOOL_MERGE) $(wildcard $(top_srcdir)/po/*.po) ; $(INTLTOOL_V_MERGE)LC_ALL=C $(INTLTOOL_MERGE) $(INTLTOOL_V_MERGE_OPTIONS) -x -u -c $(top_builddir)/po/.intltool-merge-cache $(top_srcdir)/po $< $@'
INTLTOOL__v_MERGE_0='@echo "  ITMRG " $@;'
INTLTOOL__v_MERGE_='$(INTLTOOL__v_MERGE_$(AM_DEFAULT_VERBOSITY))'
LDFLAGS=''
LIBOBJS=''
LIBS=''
LOCALEDIR='${datarootdir}/locale'
LTLIBOBJS=''
MAINT='#'
MAINTAINER_MODE_FALSE=''
MAINTAINER_MODE_TRUE='#'
MAKEINFO='${SHELL} /home/ling/BUILT/packages/gimp/gimp-apng-code/config/missing makeinfo'
MKDIR_P='/usr/bin/mkdir -p'
MKINSTALLDIRS='config/mkinstalldirs'
MSGFMT='/usr/bin/msgfmt'
MSGFMT_OPTS='-c'
MSGMERGE='/usr/bin/msgmerge'
OBJEXT='o'
PACKAGE='gimp-apng'
PACKAGE_BUGREPORT=''
PACKAGE_NAME='gimp-apng'
PACKAGE_STRING='gimp-apng 0.2.0'
PACKAGE_TARNAME='gimp-apng'
PACKAGE_URL=''
PACKAGE_VERSION='0.2.0'
PATH_SEPARATOR=':'
PKG_CONFIG='/usr/bin/pkg-config'
PKG_CONFIG_LIBDIR=''
PKG_CONFIG_PATH=''
PLUGINDIR='/home/ling/.gimp-2.8.14'
PNG_CFLAGS='-I/usr/include/libpng16 '
PNG_LIBS='-lpng16 '
POFILES=''
POSUB='po'
PO_IN_DATADIR_FALSE=''
PO_IN_DATADIR_TRUE=''
SET_MAKE=''
SHELL='/bin/sh'
STRIP=''
USE_NLS='yes'
VERSION='0.2.0'
XGETTEXT='/usr/bin/xgettext'
ac_ct_CC='gcc'
am__EXEEXT_FALSE=''
am__EXEEXT_TRUE='#'
am__fastdepCC_FALSE='#'
am__fastdepCC_TRUE=''
am__include='include'
am__isrc=''
am__leading_dot='.'
am__nodep='_no'
am__quote=''
am__tar='$${TAR-tar} chof - "$$tardir"'
am__untar='$${TAR-tar} xf -'
bindir='${exec_prefix}/bin'
build_alias=''
datadir='${datarootdir}'
datarootdir='${prefix}/share'
docdir='${datarootdir}/doc/${PACKAGE_TARNAME}'
dvidir='${docdir}'
exec_prefix='${prefix}'
host_alias=''
htmldir='${docdir}'
includedir='${prefix}/include'
infodir='${datarootdir}/info'
install_sh='${SHELL} /home/ling/BUILT/packages/gimp/gimp-apng-code/config/install-sh'
intltool__v_merge_options_0='-q'
intltool__v_merge_options_='$(intltool__v_merge_options_$(AM_DEFAULT_VERBOSITY))'
libdir='${exec_prefix}/lib'
libexecdir='${exec_prefix}/libexec'
localedir='${datarootdir}/locale'
localstatedir='${prefix}/var'
mandir='${datarootdir}/man'
mkdir_p='$(MKDIR_P)'
oldincludedir='/usr/include'
pdfdir='${docdir}'
prefix='/usr/local'
program_transform_name='s,x,x,'
psdir='${docdir}'
sbindir='${exec_prefix}/sbin'
sharedstatedir='${prefix}/com'
sysconfdir='${prefix}/etc'
target_alias=''

## ----------- ##
## confdefs.h. ##
## ----------- ##

/* confdefs.h */
#define PACKAGE_NAME "gimp-apng"
#define PACKAGE_TARNAME "gimp-apng"
#define PACKAGE_VERSION "0.2.0"
#define PACKAGE_STRING "gimp-apng 0.2.0"
#define PACKAGE_BUGREPORT ""
#define PACKAGE_URL ""
#define PLUGIN_NAME PACKAGE_NAME
#define PLUGIN_VERSION PACKAGE_VERSION
#define PLUGIN_MAJOR_VERSION 0
#define PLUGIN_MINOR_VERSION 2
#define PLUGIN_MICRO_VERSION 0
#define STDC_HEADERS 1
#define GETTEXT_PACKAGE "gimp20-apng-plugin"
#define HAVE_SYS_TYPES_H 1
#define HAVE_SYS_STAT_H 1
#define HAVE_STDLIB_H 1
#define HAVE_STRING_H 1
#define HAVE_MEMORY_H 1
#define HAVE_STRINGS_H 1
#define HAVE_INTTYPES_H 1
#define HAVE_STDINT_H 1
#define HAVE_UNISTD_H 1
#define HAVE_LOCALE_H 1
#define HAVE_LC_MESSAGES 1
#define HAVE_BIND_TEXTDOMAIN_CODESET 1
#define HAVE_GETTEXT 1
#define HAVE_DCGETTEXT 1
#define ENABLE_NLS 1
#define HAVE_BIND_TEXTDOMAIN_CODESET 1
#define HAVE_LIBPNG 1

configure: exit 0
